TN:
SF:src/polyfills.ts
FNF:0
FNH:0
LF:0
LH:0
BRF:0
BRH:0
end_of_record
TN:
SF:src/test.ts
FNF:0
FNH:0
DA:13,1
DA:18,1
DA:20,1
LF:3
LH:3
BRF:0
BRH:0
end_of_record
TN:
SF:src/app/app.component.ts
FN:11,(anonymous_0)
FNF:1
FNH:1
FNDA:1,(anonymous_0)
DA:8,1
DA:12,1
LF:2
LH:2
BRF:0
BRH:0
end_of_record
TN:
SF:src/app/components/cockpit/cockpit.component.ts
FN:13,(anonymous_0)
FN:15,(anonymous_1)
FNF:2
FNH:2
FNDA:2,(anonymous_0)
FNDA:1,(anonymous_1)
DA:11,1
DA:13,2
DA:16,1
LF:3
LH:3
BRF:0
BRH:0
end_of_record
TN:
SF:src/app/components/form-payment/form-payment.component.ts
FN:25,(anonymous_0)
FN:32,(anonymous_1)
FN:51,(anonymous_2)
FN:63,(anonymous_3)
FN:75,(anonymous_4)
FN:97,(anonymous_5)
FN:103,(anonymous_6)
FN:106,(anonymous_7)
FN:116,(anonymous_8)
FN:121,(anonymous_9)
FN:124,(anonymous_10)
FN:128,(anonymous_11)
FN:131,(anonymous_12)
FNF:13
FNH:13
FNDA:10,(anonymous_0)
FNDA:14,(anonymous_1)
FNDA:5,(anonymous_2)
FNDA:6,(anonymous_3)
FNDA:5,(anonymous_4)
FNDA:2,(anonymous_5)
FNDA:2,(anonymous_6)
FNDA:3,(anonymous_7)
FNDA:1,(anonymous_8)
FNDA:1,(anonymous_9)
FNDA:1,(anonymous_10)
FNDA:1,(anonymous_11)
FNDA:5,(anonymous_12)
DA:19,1
DA:23,10
DA:26,10
DA:27,10
DA:28,10
DA:29,10
DA:33,14
DA:35,5
DA:36,5
DA:38,3
DA:39,3
DA:41,3
DA:42,3
DA:43,3
DA:44,3
DA:46,3
DA:47,3
DA:52,5
DA:64,6
DA:76,5
DA:77,5
DA:79,2
DA:80,2
DA:82,1
DA:83,1
DA:85,1
DA:86,1
DA:88,1
DA:89,1
DA:91,5
DA:93,0
DA:98,2
DA:99,2
DA:100,2
DA:103,2
DA:107,3
DA:108,3
DA:109,3
DA:110,3
DA:111,3
DA:112,3
DA:113,3
DA:117,1
DA:118,1
DA:121,1
DA:125,1
DA:128,1
DA:132,5
LF:48
LH:47
BRDA:34,0,0,5
BRDA:34,0,1,3
BRDA:34,0,2,3
BRDA:34,0,3,3
BRDA:76,1,0,5
BRDA:76,1,1,0
BRDA:76,2,0,5
BRDA:76,2,1,1
BRDA:78,3,0,2
BRDA:78,3,1,1
BRDA:78,3,2,1
BRDA:78,3,3,1
BRDA:113,4,0,0
BRDA:113,4,1,3
BRF:14
BRH:12
end_of_record
TN:
SF:src/app/components/home/home.component.ts
FN:10,(anonymous_0)
FN:12,(anonymous_1)
FNF:2
FNH:2
FNDA:1,(anonymous_0)
FNDA:1,(anonymous_1)
DA:8,1
LF:1
LH:1
BRF:0
BRH:0
end_of_record
TN:
SF:src/app/components/login/login.component.ts
FN:16,(anonymous_0)
FN:22,(anonymous_1)
FN:26,(anonymous_2)
FN:33,(anonymous_3)
FN:36,(anonymous_4)
FNF:5
FNH:5
FNDA:3,(anonymous_0)
FNDA:3,(anonymous_1)
FNDA:3,(anonymous_2)
FNDA:2,(anonymous_3)
FNDA:1,(anonymous_4)
DA:12,1
DA:17,3
DA:18,3
DA:19,3
DA:23,3
DA:27,3
DA:34,2
DA:35,1
DA:36,1
DA:37,1
DA:38,1
LF:11
LH:11
BRDA:34,0,0,1
BRDA:34,0,1,1
BRDA:37,1,0,1
BRDA:37,1,1,0
BRF:4
BRH:3
end_of_record
TN:
SF:src/app/components/my-payments/my-payments.component.ts
FN:42,(anonymous_0)
FN:48,(anonymous_1)
FN:52,(anonymous_2)
FN:53,(anonymous_3)
FN:54,(anonymous_4)
FN:61,(anonymous_5)
FN:64,(anonymous_6)
FN:70,(anonymous_7)
FN:74,(anonymous_8)
FN:80,(anonymous_9)
FN:87,(anonymous_10)
FN:100,(anonymous_11)
FN:104,(anonymous_12)
FN:108,(anonymous_13)
FN:112,(anonymous_14)
FN:116,(anonymous_15)
FN:121,(anonymous_16)
FN:126,(anonymous_17)
FN:131,(anonymous_18)
FN:137,(anonymous_19)
FN:142,(anonymous_20)
FN:146,(anonymous_21)
FNF:22
FNH:7
FNDA:1,(anonymous_0)
FNDA:1,(anonymous_1)
FNDA:1,(anonymous_2)
FNDA:1,(anonymous_3)
FNDA:1,(anonymous_4)
FNDA:1,(anonymous_5)
FNDA:1,(anonymous_6)
FNDA:0,(anonymous_7)
FNDA:0,(anonymous_8)
FNDA:0,(anonymous_9)
FNDA:0,(anonymous_10)
FNDA:0,(anonymous_11)
FNDA:0,(anonymous_12)
FNDA:0,(anonymous_13)
FNDA:0,(anonymous_14)
FNDA:0,(anonymous_15)
FNDA:0,(anonymous_16)
FNDA:0,(anonymous_17)
FNDA:0,(anonymous_18)
FNDA:0,(anonymous_19)
FNDA:0,(anonymous_20)
FNDA:0,(anonymous_21)
DA:19,1
DA:21,1
DA:23,1
DA:24,1
DA:25,1
DA:28,1
DA:29,1
DA:36,1
DA:38,1
DA:43,1
DA:44,1
DA:45,1
DA:49,1
DA:52,1
DA:53,1
DA:55,1
DA:56,1
DA:57,1
DA:58,1
DA:61,1
DA:65,1
DA:66,1
DA:71,0
DA:75,0
DA:76,0
DA:81,0
DA:82,0
DA:83,0
DA:84,0
DA:87,0
DA:88,0
DA:89,0
DA:90,0
DA:91,0
DA:92,0
DA:93,0
DA:94,0
DA:95,0
DA:101,0
DA:105,0
DA:109,0
DA:113,0
DA:117,0
DA:118,0
DA:122,0
DA:123,0
DA:127,0
DA:132,0
DA:137,0
DA:138,0
DA:143,0
DA:147,0
DA:148,0
DA:150,0
LF:54
LH:22
BRDA:65,0,0,1
BRDA:65,0,1,0
BRDA:82,1,0,0
BRDA:82,1,1,0
BRDA:82,2,0,0
BRDA:82,2,1,0
BRDA:90,3,0,0
BRDA:90,3,1,0
BRDA:90,3,2,0
BRDA:90,3,3,0
BRDA:90,3,4,0
BRDA:90,3,5,0
BRDA:101,4,0,0
BRDA:101,4,1,0
BRDA:101,5,0,0
BRDA:101,5,1,0
BRDA:147,6,0,0
BRDA:147,6,1,0
BRF:18
BRH:1
end_of_record
TN:
SF:src/app/enums/action.enum.ts
FN:2,(anonymous_0)
FNF:1
FNH:1
FNDA:1,(anonymous_0)
DA:2,1
DA:3,1
DA:4,1
DA:5,1
LF:4
LH:4
BRDA:2,0,0,1
BRDA:2,0,1,1
BRF:2
BRH:2
end_of_record
TN:
SF:src/app/models/payment.model.ts
FNF:0
FNH:0
LF:0
LH:0
BRF:0
BRH:0
end_of_record
TN:
SF:src/app/services/payment.service.ts
FN:12,(anonymous_0)
FN:17,(anonymous_1)
FN:21,(anonymous_2)
FN:29,(anonymous_3)
FN:33,(anonymous_4)
FN:37,(anonymous_5)
FNF:6
FNH:1
FNDA:1,(anonymous_0)
FNDA:0,(anonymous_1)
FNDA:0,(anonymous_2)
FNDA:0,(anonymous_3)
FNDA:0,(anonymous_4)
FNDA:0,(anonymous_5)
DA:10,1
DA:13,1
DA:18,0
DA:22,0
DA:26,0
DA:30,0
DA:34,0
DA:38,0
LF:8
LH:2
BRDA:21,0,0,0
BRDA:21,1,0,0
BRF:2
BRH:0
end_of_record
TN:
SF:src/app/services/user.service.ts
FN:13,(anonymous_0)
FN:18,(anonymous_1)
FN:20,(anonymous_2)
FN:32,(anonymous_3)
FN:37,(anonymous_4)
FN:43,(anonymous_5)
FNF:6
FNH:1
FNDA:3,(anonymous_0)
FNDA:0,(anonymous_1)
FNDA:0,(anonymous_2)
FNDA:0,(anonymous_3)
FNDA:0,(anonymous_4)
FNDA:0,(anonymous_5)
DA:11,1
DA:14,3
DA:15,3
DA:19,0
DA:21,0
DA:22,0
DA:26,0
DA:27,0
DA:33,0
DA:34,0
DA:38,0
DA:44,0
LF:12
LH:3
BRDA:21,0,0,0
BRDA:21,0,1,0
BRDA:39,1,0,0
BRDA:39,1,1,0
BRDA:44,2,0,0
BRDA:44,2,1,0
BRF:6
BRH:0
end_of_record
TN:
SF:src/app/services/guards/logged-in.guard.ts
FN:11,(anonymous_0)
FN:16,(anonymous_1)
FNF:2
FNH:1
FNDA:1,(anonymous_0)
FNDA:0,(anonymous_1)
DA:9,1
DA:12,1
DA:13,1
DA:19,0
DA:20,0
DA:22,0
DA:23,0
LF:7
LH:3
BRDA:19,0,0,0
BRDA:19,0,1,0
BRF:2
BRH:0
end_of_record
TN:
SF:src/app/services/guards/logged-out.guard.ts
FN:10,(anonymous_0)
FN:13,(anonymous_1)
FNF:2
FNH:1
FNDA:1,(anonymous_0)
FNDA:0,(anonymous_1)
DA:9,1
DA:11,1
DA:12,1
DA:16,0
DA:17,0
DA:18,0
DA:20,0
LF:7
LH:3
BRDA:16,0,0,0
BRDA:16,0,1,0
BRF:2
BRH:0
end_of_record
TN:
SF:src/app/services/interceptors/token.interceptor.ts
FN:16,(anonymous_0)
FN:18,(anonymous_1)
FN:32,(anonymous_2)
FNF:3
FNH:1
FNDA:1,(anonymous_0)
FNDA:0,(anonymous_1)
FNDA:0,(anonymous_2)
DA:14,1
DA:16,1
DA:19,0
DA:20,0
DA:21,0
DA:23,0
DA:24,0
DA:30,0
DA:33,0
DA:34,0
DA:36,0
DA:40,0
LF:12
LH:2
BRDA:23,0,0,0
BRDA:23,0,1,0
BRDA:23,1,0,0
BRDA:23,1,1,0
BRDA:33,2,0,0
BRDA:33,2,1,0
BRDA:33,3,0,0
BRDA:33,3,1,0
BRF:8
BRH:0
end_of_record
TN:
SF:src/app/shared/loading/loading.component.ts
FN:10,(anonymous_0)
FN:12,(anonymous_1)
FNF:2
FNH:2
FNDA:1,(anonymous_0)
FNDA:1,(anonymous_1)
DA:8,1
LF:1
LH:1
BRF:0
BRH:0
end_of_record
TN:
SF:src/app/shared/pipes/format-coin.pipe.ts
FN:8,(anonymous_0)
FNF:1
FNH:0
FNDA:0,(anonymous_0)
DA:6,1
DA:9,0
LF:2
LH:1
BRDA:8,0,0,0
BRF:1
BRH:0
end_of_record
TN:
SF:src/app/shared/pipes/format-date.pipe.ts
FN:9,(anonymous_0)
FNF:1
FNH:1
FNDA:1,(anonymous_0)
DA:7,1
DA:10,1
DA:11,1
LF:3
LH:3
BRDA:9,0,0,1
BRF:1
BRH:1
end_of_record
TN:
SF:src/environments/environment.ts
FN:12,(anonymous_0)
FN:13,(anonymous_1)
FNF:2
FNH:0
FNDA:0,(anonymous_0)
FNDA:0,(anonymous_1)
DA:5,1
DA:7,1
DA:12,0
DA:13,0
LF:4
LH:2
BRF:0
BRH:0
end_of_record
