TN:
SF:src/polyfills.ts
FNF:0
FNH:0
LF:0
LH:0
BRF:0
BRH:0
end_of_record
TN:
SF:src/test.ts
FNF:0
FNH:0
DA:13,1
DA:18,1
DA:20,1
LF:3
LH:3
BRF:0
BRH:0
end_of_record
TN:
SF:src/app/app.component.ts
FN:11,(anonymous_0)
FNF:1
FNH:0
FNDA:0,(anonymous_0)
DA:8,1
DA:12,0
LF:2
LH:1
BRF:0
BRH:0
end_of_record
TN:
SF:src/app/core/auth/auth.service.ts
FN:16,(anonymous_0)
FN:18,(anonymous_1)
FN:21,(anonymous_2)
FN:33,(anonymous_3)
FN:42,(anonymous_4)
FN:47,(anonymous_5)
FN:55,(anonymous_6)
FNF:7
FNH:7
FNDA:17,(anonymous_0)
FNDA:4,(anonymous_1)
FNDA:4,(anonymous_2)
FNDA:3,(anonymous_3)
FNDA:20,(anonymous_4)
FNDA:1,(anonymous_5)
FNDA:2,(anonymous_6)
DA:9,1
DA:14,1
DA:16,17
DA:19,4
DA:22,4
DA:23,1
DA:26,3
DA:28,3
DA:39,3
DA:43,20
DA:44,20
DA:51,1
DA:52,1
DA:59,2
LF:14
LH:14
BRDA:22,0,0,1
BRDA:22,0,1,3
BRF:2
BRH:2
end_of_record
TN:
SF:src/app/core/guards/auth.guard.ts
FN:12,(anonymous_0)
FN:17,(anonymous_1)
FNF:2
FNH:2
FNDA:3,(anonymous_0)
FNDA:2,(anonymous_1)
DA:10,1
DA:13,3
DA:14,3
DA:20,2
DA:21,1
DA:23,1
DA:26,1
LF:7
LH:7
BRDA:20,0,0,1
BRDA:20,0,1,1
BRF:2
BRH:2
end_of_record
TN:
SF:src/app/core/guards/not-auth.guard.ts
FN:11,(anonymous_0)
FN:16,(anonymous_1)
FNF:2
FNH:2
FNDA:3,(anonymous_0)
FNDA:2,(anonymous_1)
DA:9,1
DA:12,3
DA:13,3
DA:20,2
DA:21,1
DA:23,1
DA:26,1
LF:7
LH:7
BRDA:20,0,0,1
BRDA:20,0,1,1
BRF:2
BRH:2
end_of_record
TN:
SF:src/app/features/home/home.component.ts
FN:41,(anonymous_0)
FN:51,(anonymous_1)
FN:61,(anonymous_2)
FN:65,(anonymous_3)
FN:77,(anonymous_4)
FN:80,(anonymous_5)
FN:84,(anonymous_6)
FN:91,(anonymous_7)
FN:95,(anonymous_8)
FN:99,(anonymous_9)
FN:106,(anonymous_10)
FN:111,(anonymous_11)
FN:122,(anonymous_12)
FN:125,(anonymous_13)
FN:129,(anonymous_14)
FN:137,(anonymous_15)
FN:143,(anonymous_16)
FN:148,(anonymous_17)
FN:153,(anonymous_18)
FN:158,(anonymous_19)
FN:163,(anonymous_20)
FN:168,(anonymous_21)
FN:173,(anonymous_22)
FN:181,(anonymous_23)
FN:46,(anonymous_24)
FNF:25
FNH:7
FNDA:5,(anonymous_0)
FNDA:5,(anonymous_1)
FNDA:0,(anonymous_2)
FNDA:0,(anonymous_3)
FNDA:0,(anonymous_4)
FNDA:0,(anonymous_5)
FNDA:0,(anonymous_6)
FNDA:0,(anonymous_7)
FNDA:0,(anonymous_8)
FNDA:0,(anonymous_9)
FNDA:0,(anonymous_10)
FNDA:0,(anonymous_11)
FNDA:0,(anonymous_12)
FNDA:0,(anonymous_13)
FNDA:0,(anonymous_14)
FNDA:1,(anonymous_15)
FNDA:1,(anonymous_16)
FNDA:1,(anonymous_17)
FNDA:1,(anonymous_18)
FNDA:0,(anonymous_19)
FNDA:0,(anonymous_20)
FNDA:0,(anonymous_21)
FNDA:0,(anonymous_22)
FNDA:0,(anonymous_23)
FNDA:5,(anonymous_24)
DA:22,1
DA:25,5
DA:26,5
DA:29,5
DA:30,5
DA:33,5
DA:34,5
DA:37,5
DA:42,5
DA:43,5
DA:47,5
DA:48,5
DA:51,5
DA:52,5
DA:61,0
DA:65,5
DA:66,0
DA:67,0
DA:69,0
DA:73,0
DA:77,5
DA:78,0
DA:81,0
DA:82,0
DA:85,0
DA:86,0
DA:91,5
DA:92,0
DA:93,0
DA:96,0
DA:97,0
DA:100,0
DA:101,0
DA:106,5
DA:107,0
DA:108,0
DA:111,5
DA:112,0
DA:113,0
DA:115,0
DA:116,0
DA:119,0
DA:122,5
DA:123,0
DA:126,0
DA:127,0
DA:130,0
DA:131,0
DA:134,0
DA:137,5
DA:138,1
DA:139,1
DA:140,1
DA:143,5
DA:144,1
DA:145,1
DA:148,5
DA:149,1
DA:150,1
DA:153,5
DA:154,1
DA:155,1
DA:158,5
DA:159,0
DA:160,0
DA:163,5
DA:164,0
DA:165,0
DA:168,5
DA:169,0
DA:170,0
DA:173,5
DA:174,0
DA:181,5
DA:182,0
LF:75
LH:38
BRDA:65,0,0,0
BRDA:66,1,0,0
BRDA:66,1,1,0
BRDA:112,2,0,0
BRDA:112,2,1,0
BRDA:113,3,0,0
BRDA:113,3,1,0
BRF:7
BRH:0
end_of_record
TN:
SF:src/app/features/home/add-payment-modal/add-payment-modal.component.ts
FN:21,(anonymous_0)
FN:26,(anonymous_1)
FN:40,(anonymous_2)
FN:44,(anonymous_3)
FN:48,(anonymous_4)
FNF:5
FNH:5
FNDA:3,(anonymous_0)
FNDA:3,(anonymous_1)
FNDA:24,(anonymous_2)
FNDA:24,(anonymous_3)
FNDA:1,(anonymous_4)
DA:12,1
DA:19,3
DA:22,3
DA:23,3
DA:27,3
DA:31,3
DA:41,24
DA:45,24
DA:49,1
DA:51,1
DA:57,1
DA:58,1
LF:12
LH:12
BRDA:28,0,0,0
BRDA:28,0,1,3
BRDA:27,1,0,3
BRDA:27,1,1,0
BRDA:27,2,0,3
BRDA:27,2,1,3
BRDA:28,3,0,0
BRDA:28,3,1,0
BRDA:28,4,0,0
BRDA:28,4,1,0
BRDA:32,5,0,0
BRDA:32,5,1,3
BRDA:32,6,0,3
BRDA:32,6,1,3
BRDA:32,7,0,3
BRDA:32,7,1,0
BRDA:32,8,0,3
BRDA:32,8,1,3
BRDA:33,9,0,0
BRDA:33,9,1,3
BRDA:33,10,0,3
BRDA:33,10,1,3
BRDA:33,11,0,3
BRDA:33,11,1,0
BRDA:33,12,0,3
BRDA:33,12,1,3
BRDA:34,13,0,0
BRDA:34,13,1,3
BRDA:34,14,0,3
BRDA:34,14,1,3
BRDA:34,15,0,3
BRDA:34,15,1,0
BRDA:34,16,0,3
BRDA:34,16,1,3
BRDA:36,17,0,0
BRDA:36,17,1,3
BRDA:36,18,0,3
BRDA:36,18,1,3
BRDA:36,19,0,3
BRDA:36,19,1,0
BRDA:36,20,0,3
BRDA:36,20,1,3
BRDA:41,21,0,24
BRDA:41,21,1,24
BRDA:54,22,0,0
BRDA:54,22,1,1
BRDA:54,23,0,1
BRDA:54,23,1,1
BRDA:54,24,0,1
BRDA:54,24,1,0
BRDA:54,25,0,1
BRDA:54,25,1,1
BRF:52
BRH:36
end_of_record
TN:
SF:src/app/features/home/confirm-delete-payment/confirm-delete-payment.component.ts
FN:15,(anonymous_0)
FN:19,(anonymous_1)
FN:17,(anonymous_2)
FNF:3
FNH:3
FNDA:3,(anonymous_0)
FNDA:1,(anonymous_1)
FNDA:3,(anonymous_2)
DA:9,1
DA:19,3
DA:20,1
DA:21,1
LF:4
LH:4
BRF:0
BRH:0
end_of_record
TN:
SF:src/app/features/home/payment-list/payment-list.component.ts
FN:17,(anonymous_0)
FN:19,(anonymous_1)
FNF:2
FNH:2
FNDA:1,(anonymous_0)
FNDA:1,(anonymous_1)
DA:9,1
LF:1
LH:1
BRF:0
BRH:0
end_of_record
TN:
SF:src/app/features/home/payment-list-item/payment-list-item.component.ts
FN:16,(anonymous_0)
FN:21,(anonymous_1)
FN:25,(anonymous_2)
FN:29,(anonymous_3)
FN:18,(anonymous_4)
FNF:5
FNH:5
FNDA:3,(anonymous_0)
FNDA:30,(anonymous_1)
FNDA:1,(anonymous_2)
FNDA:1,(anonymous_3)
FNDA:3,(anonymous_4)
DA:9,1
DA:21,3
DA:22,30
DA:25,3
DA:26,1
DA:29,3
DA:30,1
LF:7
LH:7
BRF:0
BRH:0
end_of_record
TN:
SF:src/app/features/login/login.component.ts
FN:18,(anonymous_0)
FN:25,(anonymous_1)
FN:32,(anonymous_2)
FN:36,(anonymous_3)
FN:40,(anonymous_4)
FN:43,(anonymous_5)
FN:47,(anonymous_6)
FNF:7
FNH:6
FNDA:3,(anonymous_0)
FNDA:3,(anonymous_1)
FNDA:12,(anonymous_2)
FNDA:12,(anonymous_3)
FNDA:1,(anonymous_4)
FNDA:1,(anonymous_5)
FNDA:0,(anonymous_6)
DA:13,1
DA:16,3
DA:19,3
DA:20,3
DA:21,3
DA:22,3
DA:26,3
DA:33,12
DA:37,12
DA:41,1
DA:44,1
DA:45,1
DA:48,0
DA:49,0
LF:14
LH:12
BRDA:37,0,0,12
BRDA:37,0,1,12
BRF:2
BRH:2
end_of_record
TN:
SF:src/app/features/profile/profile.component.ts
FN:14,(anonymous_0)
FN:16,(anonymous_1)
FNF:2
FNH:2
FNDA:1,(anonymous_0)
FNDA:1,(anonymous_1)
DA:10,1
DA:14,1
DA:17,1
LF:3
LH:3
BRF:0
BRH:0
end_of_record
TN:
SF:src/app/shared/shared.module.ts
FNF:0
FNH:0
DA:46,1
LF:1
LH:1
BRF:0
BRH:0
end_of_record
TN:
SF:src/app/shared/components/button/button.component.ts
FN:20,(anonymous_0)
FN:22,(anonymous_1)
FNF:2
FNH:2
FNDA:108,(anonymous_0)
FNDA:108,(anonymous_1)
DA:10,1
DA:12,108
DA:13,108
DA:14,108
DA:15,108
DA:16,108
DA:17,108
DA:18,108
LF:8
LH:8
BRF:0
BRH:0
end_of_record
TN:
SF:src/app/shared/components/form-field-error-msg/form-field-error-msg.component.ts
FN:14,(anonymous_0)
FN:16,(anonymous_1)
FNF:2
FNH:2
FNDA:13,(anonymous_0)
FNDA:13,(anonymous_1)
DA:9,1
LF:1
LH:1
BRF:0
BRH:0
end_of_record
TN:
SF:src/app/shared/components/form-input/form-input.component.ts
FN:6,(anonymous_0)
FN:39,(anonymous_1)
FN:41,(anonymous_2)
FN:42,(anonymous_3)
FN:28,(anonymous_4)
FN:32,(anonymous_5)
FN:44,(anonymous_6)
FN:48,(anonymous_7)
FN:52,(anonymous_8)
FN:56,(anonymous_9)
FN:60,(anonymous_10)
FNF:11
FNH:8
FNDA:6,(anonymous_0)
FNDA:12,(anonymous_1)
FNDA:6,(anonymous_2)
FNDA:0,(anonymous_3)
FNDA:48,(anonymous_4)
FNDA:10,(anonymous_5)
FNDA:10,(anonymous_6)
FNDA:12,(anonymous_7)
FNDA:12,(anonymous_8)
FNDA:0,(anonymous_9)
FNDA:0,(anonymous_10)
DA:4,1
DA:6,6
DA:16,1
DA:20,12
DA:21,12
DA:22,12
DA:23,12
DA:24,12
DA:29,48
DA:33,10
DA:34,10
DA:35,10
DA:41,12
DA:42,12
DA:45,10
DA:49,12
DA:53,12
DA:57,0
DA:61,0
LF:19
LH:17
BRDA:33,0,0,10
BRDA:33,0,1,0
BRF:2
BRH:1
end_of_record
TN:
SF:src/app/shared/components/message-alert/message-alert.component.ts
FN:16,(anonymous_0)
FN:18,(anonymous_1)
FN:20,(anonymous_2)
FNF:3
FNH:2
FNDA:6,(anonymous_0)
FNDA:5,(anonymous_1)
FNDA:0,(anonymous_2)
DA:10,1
DA:13,6
DA:14,6
DA:19,5
DA:20,0
DA:21,0
DA:22,0
LF:7
LH:4
BRDA:19,0,0,0
BRDA:19,0,1,5
BRF:2
BRH:1
end_of_record
TN:
SF:src/app/shared/components/modal/modal.component.ts
FN:14,(anonymous_0)
FN:16,(anonymous_1)
FNF:2
FNH:2
FNDA:5,(anonymous_0)
FNDA:5,(anonymous_1)
DA:8,1
DA:12,5
LF:2
LH:2
BRF:0
BRH:0
end_of_record
TN:
SF:src/app/shared/components/search-input/search-input.component.ts
FN:18,(anonymous_0)
FN:23,(anonymous_1)
FN:25,(anonymous_2)
FN:20,(anonymous_3)
FNF:4
FNH:4
FNDA:7,(anonymous_0)
FNDA:1,(anonymous_1)
FNDA:1,(anonymous_2)
FNDA:7,(anonymous_3)
DA:8,1
DA:11,7
DA:14,7
DA:16,7
DA:23,7
DA:24,1
DA:25,1
DA:26,1
LF:8
LH:8
BRF:0
BRH:0
end_of_record
TN:
SF:src/app/shared/components/spin-loader/spin-loader.component.ts
FN:14,(anonymous_0)
FN:16,(anonymous_1)
FNF:2
FNH:2
FNDA:11,(anonymous_0)
FNDA:11,(anonymous_1)
DA:10,1
DA:12,11
LF:2
LH:2
BRF:0
BRH:0
end_of_record
TN:
SF:src/app/shared/components/table-pagination/table-pagination.component.ts
FN:16,(anonymous_0)
FN:22,(anonymous_1)
FN:26,(anonymous_2)
FN:30,(anonymous_3)
FN:34,(anonymous_4)
FN:18,(anonymous_5)
FNF:6
FNH:6
FNDA:9,(anonymous_0)
FNDA:210,(anonymous_1)
FNDA:5,(anonymous_2)
FNDA:1,(anonymous_3)
FNDA:1,(anonymous_4)
FNDA:9,(anonymous_5)
DA:8,1
DA:19,9
DA:22,9
DA:23,210
DA:26,9
DA:27,5
DA:30,9
DA:31,1
DA:34,9
DA:35,1
LF:10
LH:10
BRF:0
BRH:0
end_of_record
TN:
SF:src/app/shared/components/toolbar/toolbar.component.ts
FN:17,(anonymous_0)
FN:26,(anonymous_1)
FN:30,(anonymous_2)
FN:36,(anonymous_3)
FN:40,(anonymous_4)
FN:22,(anonymous_5)
FNF:6
FNH:6
FNDA:11,(anonymous_0)
FNDA:3,(anonymous_1)
FNDA:1,(anonymous_2)
FNDA:1,(anonymous_3)
FNDA:1,(anonymous_4)
FNDA:11,(anonymous_5)
DA:12,1
DA:15,11
DA:18,11
DA:19,11
DA:23,11
DA:26,11
DA:27,3
DA:30,11
DA:31,1
DA:32,1
DA:33,1
DA:36,11
DA:37,1
DA:40,11
DA:41,1
DA:42,1
LF:16
LH:16
BRF:0
BRH:0
end_of_record
TN:
SF:src/app/shared/components/user-photo/user-photo.component.ts
FN:15,(anonymous_0)
FN:17,(anonymous_1)
FNF:2
FNH:2
FNDA:13,(anonymous_0)
FNDA:13,(anonymous_1)
DA:10,1
DA:13,13
LF:2
LH:2
BRF:0
BRH:0
end_of_record
TN:
SF:src/app/shared/services/form-validations.service.ts
FN:9,(anonymous_0)
FN:11,(anonymous_1)
FNF:2
FNH:2
FNDA:7,(anonymous_0)
FNDA:36,(anonymous_1)
DA:7,1
DA:12,36
LF:2
LH:2
BRDA:13,0,0,0
BRDA:13,0,1,36
BRDA:12,1,0,0
BRDA:12,1,1,36
BRDA:12,2,0,36
BRDA:12,2,1,36
BRDA:15,3,0,36
BRDA:15,3,1,0
BRDA:14,4,0,0
BRDA:14,4,1,36
BRDA:14,5,0,36
BRDA:14,5,1,36
BRF:12
BRH:8
end_of_record
TN:
SF:src/app/shared/services/payments/payments.service.ts
FN:15,(anonymous_0)
FN:17,(anonymous_1)
FN:24,(anonymous_2)
FN:28,(anonymous_3)
FN:32,(anonymous_4)
FNF:5
FNH:5
FNDA:10,(anonymous_0)
FNDA:6,(anonymous_1)
FNDA:1,(anonymous_2)
FNDA:1,(anonymous_3)
FNDA:1,(anonymous_4)
DA:8,1
DA:13,1
DA:15,10
DA:18,6
DA:19,6
DA:25,1
DA:29,1
DA:33,1
LF:8
LH:8
BRDA:17,0,0,6
BRDA:18,1,0,6
BRDA:18,1,1,0
BRF:3
BRH:2
end_of_record
TN:
SF:src/environments/environment.ts
FNF:0
FNH:0
DA:5,1
LF:1
LH:1
BRF:0
BRH:0
end_of_record
